<?xml version="1.0" encoding="UTF-8"?>
<testsuite xmlns:xsi="http://www.w3.org/2001/XMLSchema-instance" xsi:noNamespaceSchemaLocation="https://maven.apache.org/surefire/maven-surefire-plugin/xsd/surefire-test-report.xsd" version="3.0.2" name="com.apexfintech.checkdeposit.DatabaseSchemaTest" time="1.664" tests="1" errors="0" skipped="0" failures="0">
  <properties>
[...]
</properties>
  <testcase name="contextLoadsAndCanExecuteSelect1" classname="com.apexfintech.checkdeposit.DatabaseSchemaTest" time="0.034">
    <system-out><![CDATA[19:19:23.312 [main] INFO org.springframework.test.context.support.AnnotationConfigContextLoaderUtils -- Could not detect default configuration classes for test class [com.apexfintech.checkdeposit.DatabaseSchemaTest]: DatabaseSchemaTest does not declare any static, non-private, non-final, nested classes annotated with @Configuration.
19:19:23.377 [main] INFO org.springframework.boot.test.context.SpringBootTestContextBootstrapper -- Found @SpringBootConfiguration com.apexfintech.checkdeposit.CheckDepositApplication for test class com.apexfintech.checkdeposit.DatabaseSchemaTest
19:19:23.414 [main] INFO org.springframework.boot.devtools.restart.RestartApplicationListener -- Restart disabled due to context in which it is running

  .   ____          _            __ _ _
 /\\ / ___'_ __ _ _(_)_ __  __ _ \ \ \ \
( ( )\___ | '_ | '_| | '_ \/ _` | \ \ \ \
 \\/  ___)| |_)| | | | | || (_| |  ) ) ) )
  '  |____| .__|_| |_|_| |_\__, | / / / /
 =========|_|==============|___/=/_/_/_/

 :: Spring Boot ::                (v3.4.0)

2026-03-06T19:19:23.581-06:00  INFO 38516 --- [           main] c.a.checkdeposit.DatabaseSchemaTest      : Starting DatabaseSchemaTest using Java 21.0.10 with PID 38516 (started by jackjiang in /Users/jackjiang/GitHub/partner-projects/check-scanner-apex)
2026-03-06T19:19:23.582-06:00  INFO 38516 --- [           main] c.a.checkdeposit.DatabaseSchemaTest      : The following 1 profile is active: "test"
2026-03-06T19:19:23.767-06:00  INFO 38516 --- [           main] .s.d.r.c.RepositoryConfigurationDelegate : Bootstrapping Spring Data JPA repositories in DEFAULT mode.
2026-03-06T19:19:23.796-06:00  INFO 38516 --- [           main] .s.d.r.c.RepositoryConfigurationDelegate : Finished Spring Data repository scanning in 23 ms. Found 2 JPA repository interfaces.
2026-03-06T19:19:23.836-06:00  INFO 38516 --- [           main] beddedDataSourceBeanFactoryPostProcessor : Replacing 'dataSource' DataSource bean with embedded version
2026-03-06T19:19:23.941-06:00  INFO 38516 --- [           main] o.s.j.d.e.EmbeddedDatabaseFactory        : Starting embedded database: url='jdbc:h2:mem:f5857c10-01dc-40f6-b034-588c4546a529;DB_CLOSE_DELAY=-1;DB_CLOSE_ON_EXIT=false', username='sa'
2026-03-06T19:19:24.101-06:00  INFO 38516 --- [           main] org.flywaydb.core.FlywayExecutor         : Database: jdbc:h2:mem:f5857c10-01dc-40f6-b034-588c4546a529 (H2 2.3)
2026-03-06T19:19:24.104-06:00  WARN 38516 --- [           main] o.f.c.internal.database.base.Database    : Flyway upgrade recommended: H2 2.3.232 is newer than this version of Flyway and support has not been tested. The latest supported version of H2 is 2.2.224.
2026-03-06T19:19:24.114-06:00  INFO 38516 --- [           main] o.f.c.i.s.JdbcTableSchemaHistory         : Schema history table "PUBLIC"."flyway_schema_history" does not exist yet
2026-03-06T19:19:24.115-06:00  INFO 38516 --- [           main] o.f.core.internal.command.DbValidate     : Successfully validated 3 migrations (execution time 00:00.006s)
2026-03-06T19:19:24.118-06:00  INFO 38516 --- [           main] o.f.c.i.s.JdbcTableSchemaHistory         : Creating Schema History table "PUBLIC"."flyway_schema_history" ...
2026-03-06T19:19:24.134-06:00  INFO 38516 --- [           main] o.f.core.internal.command.DbMigrate      : Current version of schema "PUBLIC": << Empty Schema >>
2026-03-06T19:19:24.140-06:00  INFO 38516 --- [           main] o.f.core.internal.command.DbMigrate      : Migrating schema "PUBLIC" to version "1 - init schema"
2026-03-06T19:19:24.149-06:00  INFO 38516 --- [           main] o.f.core.internal.command.DbMigrate      : Migrating schema "PUBLIC" to version "2 - alter image columns to bytea"
2026-03-06T19:19:24.161-06:00  INFO 38516 --- [           main] o.f.core.internal.command.DbMigrate      : Migrating schema "PUBLIC" to version "3 - seed test accounts"
2026-03-06T19:19:24.165-06:00  INFO 38516 --- [           main] o.f.core.internal.command.DbMigrate      : Successfully applied 3 migrations to schema "PUBLIC", now at version v3 (execution time 00:00.012s)
2026-03-06T19:19:24.203-06:00  INFO 38516 --- [           main] o.hibernate.jpa.internal.util.LogHelper  : HHH000204: Processing PersistenceUnitInfo [name: default]
2026-03-06T19:19:24.227-06:00  INFO 38516 --- [           main] org.hibernate.Version                    : HHH000412: Hibernate ORM core version 6.6.2.Final
2026-03-06T19:19:24.243-06:00  INFO 38516 --- [           main] o.h.c.internal.RegionFactoryInitiator    : HHH000026: Second-level cache disabled
2026-03-06T19:19:24.302-06:00  INFO 38516 --- [           main] o.s.o.j.p.SpringPersistenceUnitInfo      : No LoadTimeWeaver setup: ignoring JPA class transformer
2026-03-06T19:19:24.346-06:00  INFO 38516 --- [           main] org.hibernate.orm.connections.pooling    : HHH10001005: Database info:
	Database JDBC URL [Connecting through datasource 'org.springframework.jdbc.datasource.embedded.EmbeddedDatabaseFactory$EmbeddedDataSourceProxy@1e429f56']
	Database driver: undefined/unknown
	Database version: 2.3.232
	Autocommit mode: undefined/unknown
	Isolation level: undefined/unknown
	Minimum pool size: undefined/unknown
	Maximum pool size: undefined/unknown
2026-03-06T19:19:24.689-06:00  INFO 38516 --- [           main] o.h.e.t.j.p.i.JtaPlatformInitiator       : HHH000489: No JTA platform available (set 'hibernate.transaction.jta.platform' to enable JTA platform integration)
2026-03-06T19:19:24.690-06:00  INFO 38516 --- [           main] j.LocalContainerEntityManagerFactoryBean : Initialized JPA EntityManagerFactory for persistence unit 'default'
2026-03-06T19:19:24.849-06:00  INFO 38516 --- [           main] c.a.checkdeposit.DatabaseSchemaTest      : Started DatabaseSchemaTest in 1.44 seconds (process running for 2.576)
Hibernate: SELECT 1
]]></system-out>
  </testcase>
</testsuite>