<?xml version="1.0" encoding="UTF-8"?>
<testsuite xmlns:xsi="http://www.w3.org/2001/XMLSchema-instance" xsi:noNamespaceSchemaLocation="https://maven.apache.org/surefire/maven-surefire-plugin/xsd/surefire-test-report.xsd" version="3.0.2" name="com.apexfintech.checkdeposit.MockAuthInterceptorTest" time="0.666" tests="5" errors="0" skipped="0" failures="0">
  <properties>
[...]
</properties>
  <testcase name="authTest_returns401_whenBothHeadersMissing" classname="com.apexfintech.checkdeposit.MockAuthInterceptorTest" time="0.031">
    <system-out><![CDATA[2026-03-06T18:26:06.671-06:00  INFO 30678 --- [           main] t.c.s.AnnotationConfigContextLoaderUtils : Could not detect default configuration classes for test class [com.apexfintech.checkdeposit.MockAuthInterceptorTest]: MockAuthInterceptorTest does not declare any static, non-private, non-final, nested classes annotated with @Configuration.
2026-03-06T18:26:06.677-06:00  INFO 30678 --- [           main] .b.t.c.SpringBootTestContextBootstrapper : Found @SpringBootConfiguration com.apexfintech.checkdeposit.CheckDepositApplication for test class com.apexfintech.checkdeposit.MockAuthInterceptorTest

  .   ____          _            __ _ _
 /\\ / ___'_ __ _ _(_)_ __  __ _ \ \ \ \
( ( )\___ | '_ | '_| | '_ \/ _` | \ \ \ \
 \\/  ___)| |_)| | | | | || (_| |  ) ) ) )
  '  |____| .__|_| |_|_| |_\__, | / / / /
 =========|_|==============|___/=/_/_/_/

 :: Spring Boot ::                (v3.4.0)

2026-03-06T18:26:06.702-06:00  INFO 30678 --- [           main] c.a.c.MockAuthInterceptorTest            : Starting MockAuthInterceptorTest using Java 21.0.10 with PID 30678 (started by jackjiang in /Users/jackjiang/GitHub/partner-projects/check-scanner-peak6)
2026-03-06T18:26:06.702-06:00  INFO 30678 --- [           main] c.a.c.MockAuthInterceptorTest            : No active profile set, falling back to 1 default profile: "default"
2026-03-06T18:26:07.258-06:00  INFO 30678 --- [           main] o.s.b.t.m.w.SpringBootMockServletContext : Initializing Spring TestDispatcherServlet ''
2026-03-06T18:26:07.258-06:00  INFO 30678 --- [           main] o.s.t.web.servlet.TestDispatcherServlet  : Initializing Servlet ''
2026-03-06T18:26:07.259-06:00  INFO 30678 --- [           main] o.s.t.web.servlet.TestDispatcherServlet  : Completed initialization in 1 ms
2026-03-06T18:26:07.272-06:00  INFO 30678 --- [           main] c.a.c.MockAuthInterceptorTest            : Started MockAuthInterceptorTest in 0.592 seconds (process running for 3.431)
]]></system-out>
  </testcase>
  <testcase name="authTest_returns200_whenHeadersPresent" classname="com.apexfintech.checkdeposit.MockAuthInterceptorTest" time="0.016"/>
  <testcase name="authTest_returns401_whenHeadersBlank" classname="com.apexfintech.checkdeposit.MockAuthInterceptorTest" time="0.003"/>
  <testcase name="authTest_returns401_whenUserRoleMissing" classname="com.apexfintech.checkdeposit.MockAuthInterceptorTest" time="0.003"/>
  <testcase name="authTest_returns401_whenAccountIdMissing" classname="com.apexfintech.checkdeposit.MockAuthInterceptorTest" time="0.002"/>
</testsuite>