<?xml version="1.0" encoding="UTF-8"?>
<testsuite xmlns:xsi="http://www.w3.org/2001/XMLSchema-instance" xsi:noNamespaceSchemaLocation="https://maven.apache.org/surefire/maven-surefire-plugin/xsd/surefire-test-report.xsd" version="3.0.2" name="com.apexfintech.checkdeposit.DatabaseSchemaTest" time="1.97" tests="1" errors="0" skipped="0" failures="0">
  <properties>
[...]
</properties>
  <testcase name="contextLoadsAndCanExecuteSelect1" classname="com.apexfintech.checkdeposit.DatabaseSchemaTest" time="0.042">
    <system-out><![CDATA[18:13:49.378 [main] INFO org.springframework.test.context.support.AnnotationConfigContextLoaderUtils -- Could not detect default configuration classes for test class [com.apexfintech.checkdeposit.DatabaseSchemaTest]: DatabaseSchemaTest does not declare any static, non-private, non-final, nested classes annotated with @Configuration.
18:13:49.441 [main] INFO org.springframework.boot.test.context.SpringBootTestContextBootstrapper -- Found @SpringBootConfiguration com.apexfintech.checkdeposit.CheckDepositApplication for test class com.apexfintech.checkdeposit.DatabaseSchemaTest

  .   ____          _            __ _ _
 /\\ / ___'_ __ _ _(_)_ __  __ _ \ \ \ \
( ( )\___ | '_ | '_| | '_ \/ _` | \ \ \ \
 \\/  ___)| |_)| | | | | || (_| |  ) ) ) )
  '  |____| .__|_| |_|_| |_\__, | / / / /
 =========|_|==============|___/=/_/_/_/

 :: Spring Boot ::                (v3.4.0)

2026-03-06T18:13:49.631-06:00  INFO 28729 --- [           main] c.a.checkdeposit.DatabaseSchemaTest      : Starting DatabaseSchemaTest using Java 21.0.10 with PID 28729 (started by jackjiang in /Users/jackjiang/GitHub/partner-projects/check-scanner-peak6)
2026-03-06T18:13:49.632-06:00  INFO 28729 --- [           main] c.a.checkdeposit.DatabaseSchemaTest      : The following 1 profile is active: "test"
2026-03-06T18:13:49.826-06:00  INFO 28729 --- [           main] .s.d.r.c.RepositoryConfigurationDelegate : Bootstrapping Spring Data JPA repositories in DEFAULT mode.
2026-03-06T18:13:49.859-06:00  INFO 28729 --- [           main] .s.d.r.c.RepositoryConfigurationDelegate : Finished Spring Data repository scanning in 26 ms. Found 2 JPA repository interfaces.
2026-03-06T18:13:49.900-06:00  INFO 28729 --- [           main] beddedDataSourceBeanFactoryPostProcessor : Replacing 'dataSource' DataSource bean with embedded version
2026-03-06T18:13:50.124-06:00  INFO 28729 --- [           main] o.s.j.d.e.EmbeddedDatabaseFactory        : Starting embedded database: url='jdbc:h2:mem:673bf7d2-e089-4d20-a40f-817d7e8cf75e;DB_CLOSE_DELAY=-1;DB_CLOSE_ON_EXIT=false', username='sa'
2026-03-06T18:13:50.357-06:00  INFO 28729 --- [           main] org.flywaydb.core.FlywayExecutor         : Database: jdbc:h2:mem:673bf7d2-e089-4d20-a40f-817d7e8cf75e (H2 2.3)
2026-03-06T18:13:50.361-06:00  WARN 28729 --- [           main] o.f.c.internal.database.base.Database    : Flyway upgrade recommended: H2 2.3.232 is newer than this version of Flyway and support has not been tested. The latest supported version of H2 is 2.2.224.
2026-03-06T18:13:50.373-06:00  INFO 28729 --- [           main] o.f.c.i.s.JdbcTableSchemaHistory         : Schema history table "PUBLIC"."flyway_schema_history" does not exist yet
2026-03-06T18:13:50.375-06:00  INFO 28729 --- [           main] o.f.core.internal.command.DbValidate     : Successfully validated 3 migrations (execution time 00:00.008s)
2026-03-06T18:13:50.379-06:00  INFO 28729 --- [           main] o.f.c.i.s.JdbcTableSchemaHistory         : Creating Schema History table "PUBLIC"."flyway_schema_history" ...
2026-03-06T18:13:50.396-06:00  INFO 28729 --- [           main] o.f.core.internal.command.DbMigrate      : Current version of schema "PUBLIC": << Empty Schema >>
2026-03-06T18:13:50.403-06:00  INFO 28729 --- [           main] o.f.core.internal.command.DbMigrate      : Migrating schema "PUBLIC" to version "1 - init schema"
2026-03-06T18:13:50.413-06:00  INFO 28729 --- [           main] o.f.core.internal.command.DbMigrate      : Migrating schema "PUBLIC" to version "2 - alter image columns to bytea"
2026-03-06T18:13:50.440-06:00  INFO 28729 --- [           main] o.f.core.internal.command.DbMigrate      : Migrating schema "PUBLIC" to version "3 - seed test accounts"
2026-03-06T18:13:50.446-06:00  INFO 28729 --- [           main] o.f.core.internal.command.DbMigrate      : Successfully applied 3 migrations to schema "PUBLIC", now at version v3 (execution time 00:00.018s)
2026-03-06T18:13:50.490-06:00  INFO 28729 --- [           main] o.hibernate.jpa.internal.util.LogHelper  : HHH000204: Processing PersistenceUnitInfo [name: default]
2026-03-06T18:13:50.521-06:00  INFO 28729 --- [           main] org.hibernate.Version                    : HHH000412: Hibernate ORM core version 6.6.2.Final
2026-03-06T18:13:50.536-06:00  INFO 28729 --- [           main] o.h.c.internal.RegionFactoryInitiator    : HHH000026: Second-level cache disabled
2026-03-06T18:13:50.595-06:00  INFO 28729 --- [           main] o.s.o.j.p.SpringPersistenceUnitInfo      : No LoadTimeWeaver setup: ignoring JPA class transformer
2026-03-06T18:13:50.638-06:00  INFO 28729 --- [           main] org.hibernate.orm.connections.pooling    : HHH10001005: Database info:
	Database JDBC URL [Connecting through datasource 'org.springframework.jdbc.datasource.embedded.EmbeddedDatabaseFactory$EmbeddedDataSourceProxy@2ee095c9']
	Database driver: undefined/unknown
	Database version: 2.3.232
	Autocommit mode: undefined/unknown
	Isolation level: undefined/unknown
	Minimum pool size: undefined/unknown
	Maximum pool size: undefined/unknown
2026-03-06T18:13:51.012-06:00  INFO 28729 --- [           main] o.h.e.t.j.p.i.JtaPlatformInitiator       : HHH000489: No JTA platform available (set 'hibernate.transaction.jta.platform' to enable JTA platform integration)
2026-03-06T18:13:51.014-06:00  INFO 28729 --- [           main] j.LocalContainerEntityManagerFactoryBean : Initialized JPA EntityManagerFactory for persistence unit 'default'
2026-03-06T18:13:51.210-06:00  INFO 28729 --- [           main] c.a.checkdeposit.DatabaseSchemaTest      : Started DatabaseSchemaTest in 1.734 seconds (process running for 2.876)
Hibernate: SELECT 1
]]></system-out>
  </testcase>
</testsuite>